<?xml version="1.0" encoding="UTF-8"?>
<!-- Generated by org.testng.reporters.JUnitXMLReporter -->
<testsuite ignored="0" hostname="DESKTOP-SQMV3DN" failures="0" tests="6" name="NegativeLoginTest" time="18.939" errors="0" timestamp="2021-06-24T22:15:20 CEST">
  <testcase classname="E2EProject.OrangeHRM.NegativeLoginTest" name="negativeTest" time="8.109"/>
  <testcase classname="E2EProject.OrangeHRM.NegativeLoginTest" name="negativeTest" time="2.382"/>
  <testcase classname="E2EProject.OrangeHRM.NegativeLoginTest" name="negativeTest" time="2.501"/>
  <testcase classname="E2EProject.OrangeHRM.NegativeLoginTest" name="negativeTest" time="1.953"/>
  <testcase classname="E2EProject.OrangeHRM.NegativeLoginTest" name="negativeTest" time="0.802"/>
  <testcase classname="E2EProject.OrangeHRM.NegativeLoginTest" name="negativeTest" time="0.809"/>
</testsuite> <!-- NegativeLoginTest -->
