<?xml version="1.0" encoding="UTF-8"?>
<!-- Generated by org.testng.reporters.JUnitXMLReporter -->
<testsuite ignored="0" hostname="DESKTOP-SQMV3DN" failures="0" tests="6" name="NegativeLoginTest" time="10.501" errors="0" timestamp="2022-03-30T15:10:19 CEST">
  <testcase classname="E2EProject.OrangeHRM.NegativeLoginTest" name="negativeTest" time="2.158"/>
  <testcase classname="E2EProject.OrangeHRM.NegativeLoginTest" name="negativeTest" time="1.695"/>
  <testcase classname="E2EProject.OrangeHRM.NegativeLoginTest" name="negativeTest" time="1.318"/>
  <testcase classname="E2EProject.OrangeHRM.NegativeLoginTest" name="negativeTest" time="1.286"/>
  <testcase classname="E2EProject.OrangeHRM.NegativeLoginTest" name="negativeTest" time="0.588"/>
  <testcase classname="E2EProject.OrangeHRM.NegativeLoginTest" name="negativeTest" time="0.698"/>
</testsuite> <!-- NegativeLoginTest -->
