<?xml version="1.0" encoding="UTF-8"?>
<!-- Generated by org.testng.reporters.JUnitXMLReporter -->
<testsuite ignored="0" hostname="DESKTOP-SQMV3DN" failures="0" tests="6" name="NegativeLoginTest" time="8.963" errors="0" timestamp="2021-06-26T18:48:18 CEST">
  <testcase classname="E2EProject.OrangeHRM.NegativeLoginTest" name="negativeTest" time="2.089"/>
  <testcase classname="E2EProject.OrangeHRM.NegativeLoginTest" name="negativeTest" time="1.255"/>
  <testcase classname="E2EProject.OrangeHRM.NegativeLoginTest" name="negativeTest" time="0.687"/>
  <testcase classname="E2EProject.OrangeHRM.NegativeLoginTest" name="negativeTest" time="0.727"/>
  <testcase classname="E2EProject.OrangeHRM.NegativeLoginTest" name="negativeTest" time="0.432"/>
  <testcase classname="E2EProject.OrangeHRM.NegativeLoginTest" name="negativeTest" time="0.424"/>
</testsuite> <!-- NegativeLoginTest -->
