<?xml version="1.0" encoding="UTF-8"?>
<!-- Generated by org.testng.reporters.JUnitXMLReporter -->
<testsuite ignored="1" hostname="DESKTOP-SQMV3DN" failures="0" tests="7" name="Test" time="23.579" errors="0" timestamp="2021-06-21T21:42:56 CEST">
  <testcase classname="E2EProject.OrangeHRM.LoginTest" name="negativeTest" time="3.385"/>
  <testcase classname="E2EProject.OrangeHRM.LoginTest" name="negativeTest" time="0.932"/>
  <testcase classname="E2EProject.OrangeHRM.LoginTest" name="negativeTest" time="0.83"/>
  <testcase classname="E2EProject.OrangeHRM.LoginTest" name="negativeTest" time="0.915"/>
  <testcase classname="E2EProject.OrangeHRM.LoginTest" name="negativeTest" time="0.949"/>
  <testcase classname="E2EProject.OrangeHRM.LoginTest" name="positiveTest" time="3.245"/>
  <testcase classname="E2EProject.OrangeHRM.MyInfoTest" name="editMyInfo" time="9.711"/>
  <testcase classname="resources.Base" name="@AfterTest tearDown" time="0.0">
    <ignored/>
  </testcase> <!-- @AfterTest tearDown -->
</testsuite> <!-- Test -->
