<?xml version="1.0" encoding="UTF-8"?>
<testng-results ignored="0" total="12" passed="11" failed="1" skipped="0">
  <reporter-output>
  </reporter-output>
  <suite started-at="2021-06-26T18:47:53 CEST" name="ParallelTesting" finished-at="2021-06-26T18:48:48 CEST" duration-ms="55023">
    <groups>
    </groups>
    <test started-at="2021-06-26T18:47:53 CEST" name="LoginTest" finished-at="2021-06-26T18:48:09 CEST" duration-ms="16311">
      <class name="E2EProject.OrangeHRM.LoginTest">
        <test-method is-config="true" signature="setUp()[pri:0, instance:E2EProject.OrangeHRM.LoginTest@6d6bc158]" started-at="2021-06-26T18:47:53 CEST" name="setUp" finished-at="2021-06-26T18:47:58 CEST" duration-ms="5785" status="PASS">
          <reporter-output>
          </reporter-output>
        </test-method> <!-- setUp -->
        <test-method signature="positiveTest()[pri:0, instance:E2EProject.OrangeHRM.LoginTest@6d6bc158]" started-at="2021-06-26T18:47:58 CEST" name="positiveTest" finished-at="2021-06-26T18:48:03 CEST" duration-ms="4617" status="PASS">
          <reporter-output>
          </reporter-output>
        </test-method> <!-- positiveTest -->
        <test-method is-config="true" signature="tearDown()[pri:0, instance:E2EProject.OrangeHRM.LoginTest@6d6bc158]" started-at="2021-06-26T18:48:03 CEST" name="tearDown" finished-at="2021-06-26T18:48:09 CEST" duration-ms="5794" status="PASS">
          <reporter-output>
          </reporter-output>
        </test-method> <!-- tearDown -->
      </class> <!-- E2EProject.OrangeHRM.LoginTest -->
    </test> <!-- LoginTest -->
    <test started-at="2021-06-26T18:47:53 CEST" name="NegativeMyInfoTest" finished-at="2021-06-26T18:48:09 CEST" duration-ms="16326">
      <class name="E2EProject.OrangeHRM.MyInfoTest2Negative">
        <test-method is-config="true" signature="setUp()[pri:0, instance:E2EProject.OrangeHRM.MyInfoTest2Negative@702ed190]" started-at="2021-06-26T18:47:53 CEST" name="setUp" finished-at="2021-06-26T18:47:58 CEST" duration-ms="5830" status="PASS">
          <reporter-output>
          </reporter-output>
        </test-method> <!-- setUp -->
        <test-method signature="editMyInfoWithoutEditBtn()[pri:0, instance:E2EProject.OrangeHRM.MyInfoTest2Negative@702ed190]" started-at="2021-06-26T18:47:58 CEST" name="editMyInfoWithoutEditBtn" finished-at="2021-06-26T18:48:07 CEST" duration-ms="9016" status="FAIL">
          <exception class="org.openqa.selenium.InvalidElementStateException">
            <message>
              <![CDATA[invalid element state: Element is not currently interactable and may not be manipulated
  (Session info: chrome=91.0.4472.114)
Build info: version: '3.141.5', revision: 'd54ebd709a', time: '2018-11-06T11:42:16'
System info: host: 'DESKTOP-SQMV3DN', ip: '192.168.0.30', os.name: 'Windows 10', os.arch: 'amd64', os.version: '10.0', java.version: '15.0.1'
Driver info: org.openqa.selenium.chrome.ChromeDriver
Capabilities {acceptInsecureCerts: false, browserName: chrome, browserVersion: 91.0.4472.114, chrome: {chromedriverVersion: 91.0.4472.101 (af52a90bf870..., userDataDir: C:\Users\Uros\AppData\Local...}, goog:chromeOptions: {debuggerAddress: localhost:64004}, javascriptEnabled: true, networkConnectionEnabled: false, pageLoadStrategy: normal, platform: WINDOWS, platformName: WINDOWS, proxy: Proxy(), setWindowRect: true, strictFileInteractability: false, timeouts: {implicit: 0, pageLoad: 300000, script: 30000}, unhandledPromptBehavior: dismiss and notify, webauthn:extension:largeBlob: true, webauthn:virtualAuthenticators: true}
Session ID: aad6f83ce6729453dda0affce2bf2bc1]]>
            </message>
            <full-stacktrace>
              <![CDATA[org.openqa.selenium.InvalidElementStateException: invalid element state: Element is not currently interactable and may not be manipulated
  (Session info: chrome=91.0.4472.114)
Build info: version: '3.141.5', revision: 'd54ebd709a', time: '2018-11-06T11:42:16'
System info: host: 'DESKTOP-SQMV3DN', ip: '192.168.0.30', os.name: 'Windows 10', os.arch: 'amd64', os.version: '10.0', java.version: '15.0.1'
Driver info: org.openqa.selenium.chrome.ChromeDriver
Capabilities {acceptInsecureCerts: false, browserName: chrome, browserVersion: 91.0.4472.114, chrome: {chromedriverVersion: 91.0.4472.101 (af52a90bf870..., userDataDir: C:\Users\Uros\AppData\Local...}, goog:chromeOptions: {debuggerAddress: localhost:64004}, javascriptEnabled: true, networkConnectionEnabled: false, pageLoadStrategy: normal, platform: WINDOWS, platformName: WINDOWS, proxy: Proxy(), setWindowRect: true, strictFileInteractability: false, timeouts: {implicit: 0, pageLoad: 300000, script: 30000}, unhandledPromptBehavior: dismiss and notify, webauthn:extension:largeBlob: true, webauthn:virtualAuthenticators: true}
Session ID: aad6f83ce6729453dda0affce2bf2bc1
at java.base/jdk.internal.reflect.NativeConstructorAccessorImpl.newInstance0(Native Method)
at java.base/jdk.internal.reflect.NativeConstructorAccessorImpl.newInstance(NativeConstructorAccessorImpl.java:64)
at java.base/jdk.internal.reflect.DelegatingConstructorAccessorImpl.newInstance(DelegatingConstructorAccessorImpl.java:45)
at java.base/java.lang.reflect.Constructor.newInstanceWithCaller(Constructor.java:500)
at java.base/java.lang.reflect.Constructor.newInstance(Constructor.java:481)
at org.openqa.selenium.remote.http.W3CHttpResponseCodec.createException(W3CHttpResponseCodec.java:187)
at org.openqa.selenium.remote.http.W3CHttpResponseCodec.decode(W3CHttpResponseCodec.java:122)
at org.openqa.selenium.remote.http.W3CHttpResponseCodec.decode(W3CHttpResponseCodec.java:49)
at org.openqa.selenium.remote.HttpCommandExecutor.execute(HttpCommandExecutor.java:158)
at org.openqa.selenium.remote.service.DriverCommandExecutor.execute(DriverCommandExecutor.java:83)
at org.openqa.selenium.remote.RemoteWebDriver.execute(RemoteWebDriver.java:552)
at org.openqa.selenium.remote.RemoteWebElement.execute(RemoteWebElement.java:285)
at org.openqa.selenium.remote.RemoteWebElement.clear(RemoteWebElement.java:124)
at E2EProject.OrangeHRM.MyInfoTest2Negative.editMyInfoWithoutEditBtn(MyInfoTest2Negative.java:48)
at java.base/jdk.internal.reflect.NativeMethodAccessorImpl.invoke0(Native Method)
at java.base/jdk.internal.reflect.NativeMethodAccessorImpl.invoke(NativeMethodAccessorImpl.java:64)
at java.base/jdk.internal.reflect.DelegatingMethodAccessorImpl.invoke(DelegatingMethodAccessorImpl.java:43)
at java.base/java.lang.reflect.Method.invoke(Method.java:564)
at org.testng.internal.MethodInvocationHelper.invokeMethod(MethodInvocationHelper.java:132)
at org.testng.internal.TestInvoker.invokeMethod(TestInvoker.java:599)
at org.testng.internal.TestInvoker.invokeTestMethod(TestInvoker.java:174)
at org.testng.internal.MethodRunner.runInSequence(MethodRunner.java:46)
at org.testng.internal.TestInvoker$MethodInvocationAgent.invoke(TestInvoker.java:822)
at org.testng.internal.TestInvoker.invokeTestMethods(TestInvoker.java:147)
at org.testng.internal.TestMethodWorker.invokeTestMethods(TestMethodWorker.java:146)
at org.testng.internal.TestMethodWorker.run(TestMethodWorker.java:128)
at java.base/java.util.ArrayList.forEach(ArrayList.java:1511)
at org.testng.TestRunner.privateRun(TestRunner.java:764)
at org.testng.TestRunner.run(TestRunner.java:585)
at org.testng.SuiteRunner.runTest(SuiteRunner.java:384)
at org.testng.SuiteRunner.access$000(SuiteRunner.java:28)
at org.testng.SuiteRunner$SuiteWorker.run(SuiteRunner.java:425)
at org.testng.internal.thread.ThreadUtil.lambda$execute$0(ThreadUtil.java:66)
at java.base/java.util.concurrent.FutureTask.run(FutureTask.java:264)
at java.base/java.util.concurrent.ThreadPoolExecutor.runWorker(ThreadPoolExecutor.java:1130)
at java.base/java.util.concurrent.ThreadPoolExecutor$Worker.run(ThreadPoolExecutor.java:630)
at java.base/java.lang.Thread.run(Thread.java:832)
]]>
            </full-stacktrace>
          </exception> <!-- org.openqa.selenium.InvalidElementStateException -->
          <reporter-output>
          </reporter-output>
        </test-method> <!-- editMyInfoWithoutEditBtn -->
        <test-method is-config="true" signature="tearDown()[pri:0, instance:E2EProject.OrangeHRM.MyInfoTest2Negative@702ed190]" started-at="2021-06-26T18:48:08 CEST" name="tearDown" finished-at="2021-06-26T18:48:09 CEST" duration-ms="1199" status="PASS">
          <reporter-output>
          </reporter-output>
        </test-method> <!-- tearDown -->
      </class> <!-- E2EProject.OrangeHRM.MyInfoTest2Negative -->
    </test> <!-- NegativeMyInfoTest -->
    <test started-at="2021-06-26T18:48:09 CEST" name="LogoutTest" finished-at="2021-06-26T18:48:18 CEST" duration-ms="8440">
      <class name="E2EProject.OrangeHRM.LogoutTest">
        <test-method is-config="true" signature="setup()[pri:0, instance:E2EProject.OrangeHRM.LogoutTest@499b2a5c]" started-at="2021-06-26T18:48:09 CEST" name="setup" finished-at="2021-06-26T18:48:11 CEST" duration-ms="1225" status="PASS">
          <reporter-output>
          </reporter-output>
        </test-method> <!-- setup -->
        <test-method signature="logout()[pri:0, instance:E2EProject.OrangeHRM.LogoutTest@499b2a5c]" started-at="2021-06-26T18:48:11 CEST" name="logout" finished-at="2021-06-26T18:48:16 CEST" duration-ms="5314" status="PASS">
          <reporter-output>
          </reporter-output>
        </test-method> <!-- logout -->
        <test-method is-config="true" signature="tearDown()[pri:0, instance:E2EProject.OrangeHRM.LogoutTest@499b2a5c]" started-at="2021-06-26T18:48:16 CEST" name="tearDown" finished-at="2021-06-26T18:48:18 CEST" duration-ms="1895" status="PASS">
          <reporter-output>
          </reporter-output>
        </test-method> <!-- tearDown -->
      </class> <!-- E2EProject.OrangeHRM.LogoutTest -->
    </test> <!-- LogoutTest -->
    <test started-at="2021-06-26T18:48:09 CEST" name="NegativeLoginTest" finished-at="2021-06-26T18:48:18 CEST" duration-ms="8963">
      <class name="E2EProject.OrangeHRM.NegativeLoginTest">
        <test-method is-config="true" signature="setUp()[pri:0, instance:E2EProject.OrangeHRM.NegativeLoginTest@649f2009]" started-at="2021-06-26T18:48:09 CEST" name="setUp" finished-at="2021-06-26T18:48:11 CEST" duration-ms="1226" status="PASS">
          <reporter-output>
          </reporter-output>
        </test-method> <!-- setUp -->
        <test-method signature="negativeTest(java.lang.String, java.lang.String)[pri:0, instance:E2EProject.OrangeHRM.NegativeLoginTest@649f2009]" started-at="2021-06-26T18:48:11 CEST" name="negativeTest" data-provider="multipleInvalidData" finished-at="2021-06-26T18:48:13 CEST" duration-ms="2089" status="PASS">
          <params>
            <param index="0">
              <value>
                <![CDATA[]]>
              </value>
            </param>
            <param index="1">
              <value>
                <![CDATA[]]>
              </value>
            </param>
          </params>
          <reporter-output>
          </reporter-output>
        </test-method> <!-- negativeTest -->
        <test-method signature="negativeTest(java.lang.String, java.lang.String)[pri:0, instance:E2EProject.OrangeHRM.NegativeLoginTest@649f2009]" started-at="2021-06-26T18:48:13 CEST" name="negativeTest" data-provider="multipleInvalidData" finished-at="2021-06-26T18:48:14 CEST" duration-ms="1255" status="PASS">
          <params>
            <param index="0">
              <value>
                <![CDATA[Admin]]>
              </value>
            </param>
            <param index="1">
              <value>
                <![CDATA[aljkhklhj]]>
              </value>
            </param>
          </params>
          <reporter-output>
          </reporter-output>
        </test-method> <!-- negativeTest -->
        <test-method signature="negativeTest(java.lang.String, java.lang.String)[pri:0, instance:E2EProject.OrangeHRM.NegativeLoginTest@649f2009]" started-at="2021-06-26T18:48:14 CEST" name="negativeTest" data-provider="multipleInvalidData" finished-at="2021-06-26T18:48:15 CEST" duration-ms="687" status="PASS">
          <params>
            <param index="0">
              <value>
                <![CDATA[b4343]]>
              </value>
            </param>
            <param index="1">
              <value>
                <![CDATA[admin123]]>
              </value>
            </param>
          </params>
          <reporter-output>
          </reporter-output>
        </test-method> <!-- negativeTest -->
        <test-method signature="negativeTest(java.lang.String, java.lang.String)[pri:0, instance:E2EProject.OrangeHRM.NegativeLoginTest@649f2009]" started-at="2021-06-26T18:48:15 CEST" name="negativeTest" data-provider="multipleInvalidData" finished-at="2021-06-26T18:48:15 CEST" duration-ms="727" status="PASS">
          <params>
            <param index="0">
              <value>
                <![CDATA[fds1]]>
              </value>
            </param>
            <param index="1">
              <value>
                <![CDATA[sdf2]]>
              </value>
            </param>
          </params>
          <reporter-output>
          </reporter-output>
        </test-method> <!-- negativeTest -->
        <test-method signature="negativeTest(java.lang.String, java.lang.String)[pri:0, instance:E2EProject.OrangeHRM.NegativeLoginTest@649f2009]" started-at="2021-06-26T18:48:15 CEST" name="negativeTest" data-provider="multipleInvalidData" finished-at="2021-06-26T18:48:16 CEST" duration-ms="432" status="PASS">
          <params>
            <param index="0">
              <value>
                <![CDATA[Admin]]>
              </value>
            </param>
            <param index="1">
              <value>
                <![CDATA[]]>
              </value>
            </param>
          </params>
          <reporter-output>
          </reporter-output>
        </test-method> <!-- negativeTest -->
        <test-method signature="negativeTest(java.lang.String, java.lang.String)[pri:0, instance:E2EProject.OrangeHRM.NegativeLoginTest@649f2009]" started-at="2021-06-26T18:48:16 CEST" name="negativeTest" data-provider="multipleInvalidData" finished-at="2021-06-26T18:48:16 CEST" duration-ms="424" status="PASS">
          <params>
            <param index="0">
              <value>
                <![CDATA[]]>
              </value>
            </param>
            <param index="1">
              <value>
                <![CDATA[admin123]]>
              </value>
            </param>
          </params>
          <reporter-output>
          </reporter-output>
        </test-method> <!-- negativeTest -->
        <test-method is-config="true" signature="tearDown()[pri:0, instance:E2EProject.OrangeHRM.NegativeLoginTest@649f2009]" started-at="2021-06-26T18:48:16 CEST" name="tearDown" finished-at="2021-06-26T18:48:18 CEST" duration-ms="2110" status="PASS">
          <reporter-output>
          </reporter-output>
        </test-method> <!-- tearDown -->
      </class> <!-- E2EProject.OrangeHRM.NegativeLoginTest -->
    </test> <!-- NegativeLoginTest -->
    <test started-at="2021-06-26T18:48:18 CEST" name="AssignLeaveTest" finished-at="2021-06-26T18:48:35 CEST" duration-ms="16262">
      <class name="E2EProject.OrangeHRM.AssignLeaveTest">
        <test-method is-config="true" signature="setUp()[pri:0, instance:E2EProject.OrangeHRM.AssignLeaveTest@750fe12e]" started-at="2021-06-26T18:48:18 CEST" name="setUp" finished-at="2021-06-26T18:48:20 CEST" duration-ms="1181" status="PASS">
          <reporter-output>
          </reporter-output>
        </test-method> <!-- setUp -->
        <test-method signature="assignLeaveTest()[pri:0, instance:E2EProject.OrangeHRM.AssignLeaveTest@750fe12e]" started-at="2021-06-26T18:48:20 CEST" name="assignLeaveTest" finished-at="2021-06-26T18:48:34 CEST" duration-ms="14207" status="PASS">
          <reporter-output>
          </reporter-output>
        </test-method> <!-- assignLeaveTest -->
        <test-method is-config="true" signature="tearDown()[pri:0, instance:E2EProject.OrangeHRM.AssignLeaveTest@750fe12e]" started-at="2021-06-26T18:48:34 CEST" name="tearDown" finished-at="2021-06-26T18:48:35 CEST" duration-ms="873" status="PASS">
          <reporter-output>
          </reporter-output>
        </test-method> <!-- tearDown -->
      </class> <!-- E2EProject.OrangeHRM.AssignLeaveTest -->
    </test> <!-- AssignLeaveTest -->
    <test started-at="2021-06-26T18:48:18 CEST" name="MyInfoTest" finished-at="2021-06-26T18:48:35 CEST" duration-ms="16802">
      <class name="E2EProject.OrangeHRM.MyInfoTest">
        <test-method is-config="true" signature="setUp()[pri:0, instance:E2EProject.OrangeHRM.MyInfoTest@73393584]" started-at="2021-06-26T18:48:18 CEST" name="setUp" finished-at="2021-06-26T18:48:19 CEST" duration-ms="1206" status="PASS">
          <reporter-output>
          </reporter-output>
        </test-method> <!-- setUp -->
        <test-method signature="editMyInfo()[pri:0, instance:E2EProject.OrangeHRM.MyInfoTest@73393584]" started-at="2021-06-26T18:48:19 CEST" name="editMyInfo" finished-at="2021-06-26T18:48:33 CEST" duration-ms="13779" status="PASS">
          <reporter-output>
          </reporter-output>
        </test-method> <!-- editMyInfo -->
        <test-method is-config="true" signature="tearDown()[pri:0, instance:E2EProject.OrangeHRM.MyInfoTest@73393584]" started-at="2021-06-26T18:48:33 CEST" name="tearDown" finished-at="2021-06-26T18:48:35 CEST" duration-ms="1813" status="PASS">
          <reporter-output>
          </reporter-output>
        </test-method> <!-- tearDown -->
      </class> <!-- E2EProject.OrangeHRM.MyInfoTest -->
    </test> <!-- MyInfoTest -->
    <test started-at="2021-06-26T18:48:35 CEST" name="EndToEndTest" finished-at="2021-06-26T18:48:48 CEST" duration-ms="12967">
      <class name="E2EProject.OrangeHRM.E2ETest">
        <test-method is-config="true" signature="setUp()[pri:0, instance:E2EProject.OrangeHRM.E2ETest@7957dc72]" started-at="2021-06-26T18:48:35 CEST" name="setUp" finished-at="2021-06-26T18:48:36 CEST" duration-ms="1182" status="PASS">
          <reporter-output>
          </reporter-output>
        </test-method> <!-- setUp -->
        <test-method signature="E2ETesting()[pri:0, instance:E2EProject.OrangeHRM.E2ETest@7957dc72]" started-at="2021-06-26T18:48:36 CEST" name="E2ETesting" finished-at="2021-06-26T18:48:47 CEST" duration-ms="11176" status="PASS">
          <reporter-output>
          </reporter-output>
        </test-method> <!-- E2ETesting -->
        <test-method is-config="true" signature="tearDown()[pri:0, instance:E2EProject.OrangeHRM.E2ETest@7957dc72]" started-at="2021-06-26T18:48:47 CEST" name="tearDown" finished-at="2021-06-26T18:48:48 CEST" duration-ms="608" status="PASS">
          <reporter-output>
          </reporter-output>
        </test-method> <!-- tearDown -->
      </class> <!-- E2EProject.OrangeHRM.E2ETest -->
    </test> <!-- EndToEndTest -->
  </suite> <!-- ParallelTesting -->
</testng-results>
