<?xml version="1.0" encoding="UTF-8"?>
<testng-results ignored="0" total="6" passed="6" failed="0" skipped="0">
  <reporter-output>
  </reporter-output>
  <suite started-at="2022-03-30T15:10:09 CEST" name="NegativeLoginTest" finished-at="2022-03-30T15:10:19 CEST" duration-ms="10501">
    <groups>
    </groups>
    <test started-at="2022-03-30T15:10:09 CEST" name="NegativeLoginTest" finished-at="2022-03-30T15:10:19 CEST" duration-ms="10501">
      <class name="E2EProject.OrangeHRM.NegativeLoginTest">
        <test-method is-config="true" signature="setUp()[pri:0, instance:E2EProject.OrangeHRM.NegativeLoginTest@24b52d3e]" started-at="2022-03-30T15:10:09 CEST" name="setUp" finished-at="2022-03-30T15:10:11 CEST" duration-ms="2113" status="PASS">
          <reporter-output>
          </reporter-output>
        </test-method> <!-- setUp -->
        <test-method signature="negativeTest(java.lang.String, java.lang.String)[pri:0, instance:E2EProject.OrangeHRM.NegativeLoginTest@24b52d3e]" started-at="2022-03-30T15:10:11 CEST" name="negativeTest" data-provider="multipleInvalidData" finished-at="2022-03-30T15:10:13 CEST" duration-ms="2158" status="PASS">
          <params>
            <param index="0">
              <value>
                <![CDATA[]]>
              </value>
            </param>
            <param index="1">
              <value>
                <![CDATA[]]>
              </value>
            </param>
          </params>
          <reporter-output>
          </reporter-output>
        </test-method> <!-- negativeTest -->
        <test-method signature="negativeTest(java.lang.String, java.lang.String)[pri:0, instance:E2EProject.OrangeHRM.NegativeLoginTest@24b52d3e]" started-at="2022-03-30T15:10:13 CEST" name="negativeTest" data-provider="multipleInvalidData" finished-at="2022-03-30T15:10:15 CEST" duration-ms="1695" status="PASS">
          <params>
            <param index="0">
              <value>
                <![CDATA[Admin]]>
              </value>
            </param>
            <param index="1">
              <value>
                <![CDATA[aljkhklhj]]>
              </value>
            </param>
          </params>
          <reporter-output>
          </reporter-output>
        </test-method> <!-- negativeTest -->
        <test-method signature="negativeTest(java.lang.String, java.lang.String)[pri:0, instance:E2EProject.OrangeHRM.NegativeLoginTest@24b52d3e]" started-at="2022-03-30T15:10:15 CEST" name="negativeTest" data-provider="multipleInvalidData" finished-at="2022-03-30T15:10:16 CEST" duration-ms="1318" status="PASS">
          <params>
            <param index="0">
              <value>
                <![CDATA[b4343]]>
              </value>
            </param>
            <param index="1">
              <value>
                <![CDATA[admin123]]>
              </value>
            </param>
          </params>
          <reporter-output>
          </reporter-output>
        </test-method> <!-- negativeTest -->
        <test-method signature="negativeTest(java.lang.String, java.lang.String)[pri:0, instance:E2EProject.OrangeHRM.NegativeLoginTest@24b52d3e]" started-at="2022-03-30T15:10:16 CEST" name="negativeTest" data-provider="multipleInvalidData" finished-at="2022-03-30T15:10:17 CEST" duration-ms="1286" status="PASS">
          <params>
            <param index="0">
              <value>
                <![CDATA[fds1]]>
              </value>
            </param>
            <param index="1">
              <value>
                <![CDATA[sdf2]]>
              </value>
            </param>
          </params>
          <reporter-output>
          </reporter-output>
        </test-method> <!-- negativeTest -->
        <test-method signature="negativeTest(java.lang.String, java.lang.String)[pri:0, instance:E2EProject.OrangeHRM.NegativeLoginTest@24b52d3e]" started-at="2022-03-30T15:10:17 CEST" name="negativeTest" data-provider="multipleInvalidData" finished-at="2022-03-30T15:10:18 CEST" duration-ms="588" status="PASS">
          <params>
            <param index="0">
              <value>
                <![CDATA[Admin]]>
              </value>
            </param>
            <param index="1">
              <value>
                <![CDATA[]]>
              </value>
            </param>
          </params>
          <reporter-output>
          </reporter-output>
        </test-method> <!-- negativeTest -->
        <test-method signature="negativeTest(java.lang.String, java.lang.String)[pri:0, instance:E2EProject.OrangeHRM.NegativeLoginTest@24b52d3e]" started-at="2022-03-30T15:10:18 CEST" name="negativeTest" data-provider="multipleInvalidData" finished-at="2022-03-30T15:10:19 CEST" duration-ms="698" status="PASS">
          <params>
            <param index="0">
              <value>
                <![CDATA[]]>
              </value>
            </param>
            <param index="1">
              <value>
                <![CDATA[admin123]]>
              </value>
            </param>
          </params>
          <reporter-output>
          </reporter-output>
        </test-method> <!-- negativeTest -->
        <test-method is-config="true" signature="tearDown()[pri:0, instance:E2EProject.OrangeHRM.NegativeLoginTest@24b52d3e]" started-at="2022-03-30T15:10:19 CEST" name="tearDown" finished-at="2022-03-30T15:10:19 CEST" duration-ms="610" status="PASS">
          <reporter-output>
          </reporter-output>
        </test-method> <!-- tearDown -->
      </class> <!-- E2EProject.OrangeHRM.NegativeLoginTest -->
    </test> <!-- NegativeLoginTest -->
  </suite> <!-- NegativeLoginTest -->
</testng-results>
